

Processing ApplicationController#index (for 127.0.0.1 at 2010-02-09 11:06:28) [GET]

ActionController::RoutingError (No route matches "/_ruote/" with {:method=>:get}):
  sinatra (0.9.4) lib/sinatra/base.rb:413:in `forward'
  sinatra (0.9.4) lib/sinatra/base.rb:484:in `route_missing'
  sinatra (0.9.4) lib/sinatra/base.rb:469:in `route!'
  sinatra (0.9.4) lib/sinatra/base.rb:555:in `dispatch!'
  sinatra (0.9.4) lib/sinatra/base.rb:375:in `call!'
  sinatra (0.9.4) lib/sinatra/base.rb:522:in `instance_eval'
  sinatra (0.9.4) lib/sinatra/base.rb:522:in `invoke'
  sinatra (0.9.4) lib/sinatra/base.rb:522:in `catch'
  sinatra (0.9.4) lib/sinatra/base.rb:522:in `invoke'
  sinatra (0.9.4) lib/sinatra/base.rb:375:in `call!'
  sinatra (0.9.4) lib/sinatra/base.rb:364:in `call'

Rendering rescues/layout (not_found)
/!\ FAILSAFE /!\  Tue Feb 09 11:46:30 +0100 2010
  Status: 500 Internal Server Error
  undefined method `[]' for #<Ruote::Engine:0xb6fc752c>
    /var/lib/gems/1.8/gems/ruote-2.1.4/lib/ruote/part/storage_participant.rb:39:in `initialize'
    /var/lib/gems/1.8/gems/ruote-kit-2.1.4.2/lib/ruote-kit.rb:109:in `new'
    /var/lib/gems/1.8/gems/ruote-kit-2.1.4.2/lib/ruote-kit.rb:109:in `storage_participant'
    /var/lib/gems/1.8/gems/ruote-kit-2.1.4.2/lib/ruote-kit/helpers/engine_helpers.rb:10:in `storage_participant'
    /var/lib/gems/1.8/gems/ruote-kit-2.1.4.2/lib/ruote-kit/resources/workitems.rb:10:in `GET /_ruote/workitems'
    /var/lib/gems/1.8/gems/sinatra-0.9.4/lib/sinatra/base.rb:779:in `call'
    /var/lib/gems/1.8/gems/sinatra-0.9.4/lib/sinatra/base.rb:779:in `route'
    /var/lib/gems/1.8/gems/sinatra-0.9.4/lib/sinatra/base.rb:474:in `instance_eval'
    /var/lib/gems/1.8/gems/sinatra-0.9.4/lib/sinatra/base.rb:474:in `route_eval'
    /var/lib/gems/1.8/gems/sinatra-0.9.4/lib/sinatra/base.rb:463:in `route!'
    /var/lib/gems/1.8/gems/sinatra-0.9.4/lib/sinatra/base.rb:460:in `catch'
    /var/lib/gems/1.8/gems/sinatra-0.9.4/lib/sinatra/base.rb:460:in `route!'
    /var/lib/gems/1.8/gems/sinatra-0.9.4/lib/sinatra/base.rb:439:in `each'
    /var/lib/gems/1.8/gems/sinatra-0.9.4/lib/sinatra/base.rb:439:in `route!'
    /var/lib/gems/1.8/gems/sinatra-0.9.4/lib/sinatra/base.rb:555:in `dispatch!'
    /var/lib/gems/1.8/gems/sinatra-0.9.4/lib/sinatra/base.rb:375:in `call!'
    /var/lib/gems/1.8/gems/sinatra-0.9.4/lib/sinatra/base.rb:522:in `instance_eval'
    /var/lib/gems/1.8/gems/sinatra-0.9.4/lib/sinatra/base.rb:522:in `invoke'
    /var/lib/gems/1.8/gems/sinatra-0.9.4/lib/sinatra/base.rb:522:in `catch'
    /var/lib/gems/1.8/gems/sinatra-0.9.4/lib/sinatra/base.rb:522:in `invoke'
    /var/lib/gems/1.8/gems/sinatra-0.9.4/lib/sinatra/base.rb:375:in `call!'
    /var/lib/gems/1.8/gems/sinatra-0.9.4/lib/sinatra/base.rb:364:in `call'
    /var/lib/gems/1.8/gems/rack-1.0.1/lib/rack/methodoverride.rb:24:in `call'
    /var/lib/gems/1.8/gems/rack-1.0.1/lib/rack/static.rb:33:in `call'
    /var/lib/gems/1.8/gems/actionpack-2.3.5/lib/action_controller/string_coercion.rb:25:in `call'
    /var/lib/gems/1.8/gems/rack-1.0.1/lib/rack/head.rb:9:in `call'
    /var/lib/gems/1.8/gems/rack-1.0.1/lib/rack/methodoverride.rb:24:in `call'
    /var/lib/gems/1.8/gems/actionpack-2.3.5/lib/action_controller/params_parser.rb:15:in `call'
    /var/lib/gems/1.8/gems/actionpack-2.3.5/lib/action_controller/session/cookie_store.rb:93:in `call'
    /var/lib/gems/1.8/gems/actionpack-2.3.5/lib/action_controller/failsafe.rb:26:in `call'
    /var/lib/gems/1.8/gems/rack-1.0.1/lib/rack/lock.rb:11:in `call'
    /var/lib/gems/1.8/gems/rack-1.0.1/lib/rack/lock.rb:11:in `synchronize'
    /var/lib/gems/1.8/gems/rack-1.0.1/lib/rack/lock.rb:11:in `call'
    /var/lib/gems/1.8/gems/actionpack-2.3.5/lib/action_controller/dispatcher.rb:114:in `call'
    /var/lib/gems/1.8/gems/actionpack-2.3.5/lib/action_controller/reloader.rb:34:in `run'
    /var/lib/gems/1.8/gems/actionpack-2.3.5/lib/action_controller/dispatcher.rb:108:in `call'
    /var/lib/gems/1.8/gems/rails-2.3.5/lib/rails/rack/static.rb:31:in `call'
    /var/lib/gems/1.8/gems/rack-1.0.1/lib/rack/urlmap.rb:46:in `call'
    /var/lib/gems/1.8/gems/rack-1.0.1/lib/rack/urlmap.rb:40:in `each'
    /var/lib/gems/1.8/gems/rack-1.0.1/lib/rack/urlmap.rb:40:in `call'
    /var/lib/gems/1.8/gems/rails-2.3.5/lib/rails/rack/log_tailer.rb:17:in `call'
    /var/lib/gems/1.8/gems/rack-1.0.1/lib/rack/content_length.rb:13:in `call'
    /var/lib/gems/1.8/gems/rack-1.0.1/lib/rack/chunked.rb:15:in `call'
    /var/lib/gems/1.8/gems/rack-1.0.1/lib/rack/handler/mongrel.rb:64:in `process'
    /var/lib/gems/1.8/gems/mongrel-1.1.5/lib/mongrel.rb:159:in `process_client'
    /var/lib/gems/1.8/gems/mongrel-1.1.5/lib/mongrel.rb:158:in `each'
    /var/lib/gems/1.8/gems/mongrel-1.1.5/lib/mongrel.rb:158:in `process_client'
    /var/lib/gems/1.8/gems/mongrel-1.1.5/lib/mongrel.rb:285:in `run'
    /var/lib/gems/1.8/gems/mongrel-1.1.5/lib/mongrel.rb:285:in `initialize'
    /var/lib/gems/1.8/gems/mongrel-1.1.5/lib/mongrel.rb:285:in `new'
    /var/lib/gems/1.8/gems/mongrel-1.1.5/lib/mongrel.rb:285:in `run'
    /var/lib/gems/1.8/gems/mongrel-1.1.5/lib/mongrel.rb:268:in `initialize'
    /var/lib/gems/1.8/gems/mongrel-1.1.5/lib/mongrel.rb:268:in `new'
    /var/lib/gems/1.8/gems/mongrel-1.1.5/lib/mongrel.rb:268:in `run'
    /var/lib/gems/1.8/gems/rack-1.0.1/lib/rack/handler/mongrel.rb:34:in `run'
    /var/lib/gems/1.8/gems/rails-2.3.5/lib/commands/server.rb:111
    /usr/lib/ruby/1.8/rubygems/custom_require.rb:31:in `gem_original_require'
    /usr/lib/ruby/1.8/rubygems/custom_require.rb:31:in `require'
    script/server:3
